# JRE version: Java(TM) SE Runtime Environment (8.0_181-b13) (build 1.8.0_181-b13)
# Java VM: Java HotSpot(TM) 64-Bit Server VM (25.181-b13 mixed mode windows-amd64 compressed oops)
Heap:
 PSYoungGen      total 116736K, used 27117K [0x000000076b400000, 0x0000000774800000, 0x00000007c0000000)
  eden space 107008K, 16% used [0x000000076b400000,0x000000076c512bb8,0x0000000771c80000)
  from space 9728K, 99% used [0x0000000773e80000,0x00000007747e8b30,0x0000000774800000)
  to   space 10752K, 0% used [0x0000000773300000,0x0000000773300000,0x0000000773d80000)
 ParOldGen       total 93184K, used 5803K [0x00000006c1c00000, 0x00000006c7700000, 0x000000076b400000)
  object space 93184K, 6% used [0x00000006c1c00000,0x00000006c21aaf68,0x00000006c7700000)
 Metaspace       used 29983K, capacity 31696K, committed 31872K, reserved 1077248K
  class space    used 4038K, capacity 4359K, committed 4480K, reserved 1048576K
GC Heap History (10 events):
Event: 1.745 GC heap before
{Heap before GC invocations=1 (full 0):
 PSYoungGen      total 76288K, used 65536K [0x000000076b400000, 0x0000000770900000, 0x00000007c0000000)
  eden space 65536K, 100% used [0x000000076b400000,0x000000076f400000,0x000000076f400000)
  from space 10752K, 0% used [0x000000076fe80000,0x000000076fe80000,0x0000000770900000)
  to   space 10752K, 0% used [0x000000076f400000,0x000000076f400000,0x000000076fe80000)
 ParOldGen       total 175104K, used 0K [0x00000006c1c00000, 0x00000006cc700000, 0x000000076b400000)
  object space 175104K, 0% used [0x00000006c1c00000,0x00000006c1c00000,0x00000006cc700000)
 Metaspace       used 14051K, capacity 14534K, committed 14592K, reserved 1062912K
  class space    used 1889K, capacity 2022K, committed 2048K, reserved 1048576K
Event: 1.759 GC heap after
Heap after GC invocations=1 (full 0):
 PSYoungGen      total 76288K, used 9076K [0x000000076b400000, 0x0000000770900000, 0x00000007c0000000)
  eden space 65536K, 0% used [0x000000076b400000,0x000000076b400000,0x000000076f400000)
  from space 10752K, 84% used [0x000000076f400000,0x000000076fcdd3f0,0x000000076fe80000)
  to   space 10752K, 0% used [0x000000076fe80000,0x000000076fe80000,0x0000000770900000)
 ParOldGen       total 175104K, used 16K [0x00000006c1c00000, 0x00000006cc700000, 0x000000076b400000)
  object space 175104K, 0% used [0x00000006c1c00000,0x00000006c1c04000,0x00000006cc700000)
 Metaspace       used 14051K, capacity 14534K, committed 14592K, reserved 1062912K
  class space    used 1889K, capacity 2022K, committed 2048K, reserved 1048576K
}
Event: 2.740 GC heap before
{Heap before GC invocations=2 (full 0):
 PSYoungGen      total 76288K, used 74612K [0x000000076b400000, 0x0000000770900000, 0x00000007c0000000)
  eden space 65536K, 100% used [0x000000076b400000,0x000000076f400000,0x000000076f400000)
  from space 10752K, 84% used [0x000000076f400000,0x000000076fcdd3f0,0x000000076fe80000)
  to   space 10752K, 0% used [0x000000076fe80000,0x000000076fe80000,0x0000000770900000)
 ParOldGen       total 175104K, used 16K [0x00000006c1c00000, 0x00000006cc700000, 0x000000076b400000)
  object space 175104K, 0% used [0x00000006c1c00000,0x00000006c1c04000,0x00000006cc700000)
 Metaspace       used 20235K, capacity 21026K, committed 21120K, reserved 1067008K
  class space    used 2732K, capacity 2924K, committed 2944K, reserved 1048576K
Event: 2.755 GC heap after
Heap after GC invocations=2 (full 0):
 PSYoungGen      total 76288K, used 10725K [0x000000076b400000, 0x0000000774900000, 0x00000007c0000000)
  eden space 65536K, 0% used [0x000000076b400000,0x000000076b400000,0x000000076f400000)
  from space 10752K, 99% used [0x000000076fe80000,0x00000007708f94a8,0x0000000770900000)
  to   space 10752K, 0% used [0x000000076f400000,0x000000076f400000,0x000000076fe80000)
 ParOldGen       total 175104K, used 1100K [0x00000006c1c00000, 0x00000006cc700000, 0x000000076b400000)
  object space 175104K, 0% used [0x00000006c1c00000,0x00000006c1d133f0,0x00000006cc700000)
 Metaspace       used 20235K, capacity 21026K, committed 21120K, reserved 1067008K
  class space    used 2732K, capacity 2924K, committed 2944K, reserved 1048576K
}
Event: 2.814 GC heap before
{Heap before GC invocations=3 (full 0):
 PSYoungGen      total 76288K, used 13147K [0x000000076b400000, 0x0000000774900000, 0x00000007c0000000)
  eden space 65536K, 3% used [0x000000076b400000,0x000000076b65daa8,0x000000076f400000)
  from space 10752K, 99% used [0x000000076fe80000,0x00000007708f94a8,0x0000000770900000)
  to   space 10752K, 0% used [0x000000076f400000,0x000000076f400000,0x000000076fe80000)
 ParOldGen       total 175104K, used 1100K [0x00000006c1c00000, 0x00000006cc700000, 0x000000076b400000)
  object space 175104K, 0% used [0x00000006c1c00000,0x00000006c1d133f0,0x00000006cc700000)
 Metaspace       used 20328K, capacity 21134K, committed 21248K, reserved 1067008K
  class space    used 2747K, capacity 2958K, committed 3072K, reserved 1048576K
Event: 2.830 GC heap after
Heap after GC invocations=3 (full 0):
 PSYoungGen      total 76288K, used 5958K [0x000000076b400000, 0x0000000774900000, 0x00000007c0000000)
  eden space 65536K, 0% used [0x000000076b400000,0x000000076b400000,0x000000076f400000)
  from space 10752K, 55% used [0x000000076f400000,0x000000076f9d1b68,0x000000076fe80000)
  to   space 10752K, 0% used [0x0000000773e80000,0x0000000773e80000,0x0000000774900000)
 ParOldGen       total 175104K, used 1108K [0x00000006c1c00000, 0x00000006cc700000, 0x000000076b400000)
  object space 175104K, 0% used [0x00000006c1c00000,0x00000006c1d153f0,0x00000006cc700000)
 Metaspace       used 20328K, capacity 21134K, committed 21248K, reserved 1067008K
  class space    used 2747K, capacity 2958K, committed 3072K, reserved 1048576K
}
Event: 2.830 GC heap before
{Heap before GC invocations=4 (full 1):
 PSYoungGen      total 76288K, used 5958K [0x000000076b400000, 0x0000000774900000, 0x00000007c0000000)
  eden space 65536K, 0% used [0x000000076b400000,0x000000076b400000,0x000000076f400000)
  from space 10752K, 55% used [0x000000076f400000,0x000000076f9d1b68,0x000000076fe80000)
  to   space 10752K, 0% used [0x0000000773e80000,0x0000000773e80000,0x0000000774900000)
 ParOldGen       total 175104K, used 1108K [0x00000006c1c00000, 0x00000006cc700000, 0x000000076b400000)
  object space 175104K, 0% used [0x00000006c1c00000,0x00000006c1d153f0,0x00000006cc700000)
 Metaspace       used 20328K, capacity 21134K, committed 21248K, reserved 1067008K
  class space    used 2747K, capacity 2958K, committed 3072K, reserved 1048576K
Event: 2.929 GC heap after
Heap after GC invocations=4 (full 1):
 PSYoungGen      total 76288K, used 0K [0x000000076b400000, 0x0000000774900000, 0x00000007c0000000)
  eden space 65536K, 0% used [0x000000076b400000,0x000000076b400000,0x000000076f400000)
  from space 10752K, 0% used [0x000000076f400000,0x000000076f400000,0x000000076fe80000)
  to   space 10752K, 0% used [0x0000000773e80000,0x0000000773e80000,0x0000000774900000)
 ParOldGen       total 93184K, used 5795K [0x00000006c1c00000, 0x00000006c7700000, 0x000000076b400000)
  object space 93184K, 6% used [0x00000006c1c00000,0x00000006c21a8f68,0x00000006c7700000)
 Metaspace       used 20327K, capacity 21128K, committed 21248K, reserved 1067008K
  class space    used 2746K, capacity 2957K, committed 3072K, reserved 1048576K
}
Event: 6.792 GC heap before
{Heap before GC invocations=5 (full 1):
 PSYoungGen      total 76288K, used 65536K [0x000000076b400000, 0x0000000774900000, 0x00000007c0000000)
  eden space 65536K, 100% used [0x000000076b400000,0x000000076f400000,0x000000076f400000)
  from space 10752K, 0% used [0x000000076f400000,0x000000076f400000,0x000000076fe80000)
  to   space 10752K, 0% used [0x0000000773e80000,0x0000000773e80000,0x0000000774900000)
 ParOldGen       total 93184K, used 5795K [0x00000006c1c00000, 0x00000006c7700000, 0x000000076b400000)
  object space 93184K, 6% used [0x00000006c1c00000,0x00000006c21a8f68,0x00000006c7700000)
 Metaspace       used 27493K, capacity 29064K, committed 29184K, reserved 1075200K
  class space    used 3740K, capacity 4047K, committed 4096K, reserved 1048576K
Event: 6.808 GC heap after
Heap after GC invocations=5 (full 1):
 PSYoungGen      total 116736K, used 9634K [0x000000076b400000, 0x0000000774800000, 0x00000007c0000000)
  eden space 107008K, 0% used [0x000000076b400000,0x000000076b400000,0x0000000771c80000)
  from space 9728K, 99% used [0x0000000773e80000,0x00000007747e8b30,0x0000000774800000)
  to   space 10752K, 0% used [0x0000000773300000,0x0000000773300000,0x0000000773d80000)
 ParOldGen       total 93184K, used 5803K [0x00000006c1c00000, 0x00000006c7700000, 0x000000076b400000)
  object space 93184K, 6% used [0x00000006c1c00000,0x00000006c21aaf68,0x00000006c7700000)
 Metaspace       used 27493K, capacity 29064K, committed 29184K, reserved 1075200K
  class space    used 3740K, capacity 4047K, committed 4096K, reserved 1048576K
}

