# JRE version: Java(TM) SE Runtime Environment (8.0_181-b13) (build 1.8.0_181-b13)
# Java VM: Java HotSpot(TM) 64-Bit Server VM (25.181-b13 mixed mode windows-amd64 compressed oops)
Heap:
 PSYoungGen      total 124928K, used 29078K [0x000000076b400000, 0x0000000774800000, 0x00000007c0000000)
  eden space 115200K, 16% used [0x000000076b400000,0x000000076c706888,0x0000000772480000)
  from space 9728K, 98% used [0x0000000773e80000,0x00000007747df348,0x0000000774800000)
  to   space 10752K, 0% used [0x0000000773300000,0x0000000773300000,0x0000000773d80000)
 ParOldGen       total 86016K, used 5823K [0x00000006c1c00000, 0x00000006c7000000, 0x000000076b400000)
  object space 86016K, 6% used [0x00000006c1c00000,0x00000006c21afea0,0x00000006c7000000)
 Metaspace       used 30024K, capacity 31696K, committed 31872K, reserved 1077248K
  class space    used 4038K, capacity 4359K, committed 4480K, reserved 1048576K
GC Heap History (10 events):
Event: 1.853 GC heap before
{Heap before GC invocations=1 (full 0):
 PSYoungGen      total 76288K, used 65536K [0x000000076b400000, 0x0000000770900000, 0x00000007c0000000)
  eden space 65536K, 100% used [0x000000076b400000,0x000000076f400000,0x000000076f400000)
  from space 10752K, 0% used [0x000000076fe80000,0x000000076fe80000,0x0000000770900000)
  to   space 10752K, 0% used [0x000000076f400000,0x000000076f400000,0x000000076fe80000)
 ParOldGen       total 175104K, used 0K [0x00000006c1c00000, 0x00000006cc700000, 0x000000076b400000)
  object space 175104K, 0% used [0x00000006c1c00000,0x00000006c1c00000,0x00000006cc700000)
 Metaspace       used 14105K, capacity 14540K, committed 14848K, reserved 1062912K
  class space    used 1894K, capacity 2023K, committed 2048K, reserved 1048576K
Event: 1.866 GC heap after
Heap after GC invocations=1 (full 0):
 PSYoungGen      total 76288K, used 9077K [0x000000076b400000, 0x0000000770900000, 0x00000007c0000000)
  eden space 65536K, 0% used [0x000000076b400000,0x000000076b400000,0x000000076f400000)
  from space 10752K, 84% used [0x000000076f400000,0x000000076fcdd600,0x000000076fe80000)
  to   space 10752K, 0% used [0x000000076fe80000,0x000000076fe80000,0x0000000770900000)
 ParOldGen       total 175104K, used 16K [0x00000006c1c00000, 0x00000006cc700000, 0x000000076b400000)
  object space 175104K, 0% used [0x00000006c1c00000,0x00000006c1c04000,0x00000006cc700000)
 Metaspace       used 14105K, capacity 14540K, committed 14848K, reserved 1062912K
  class space    used 1894K, capacity 2023K, committed 2048K, reserved 1048576K
}
Event: 2.528 GC heap before
{Heap before GC invocations=2 (full 0):
 PSYoungGen      total 76288K, used 74613K [0x000000076b400000, 0x0000000770900000, 0x00000007c0000000)
  eden space 65536K, 100% used [0x000000076b400000,0x000000076f400000,0x000000076f400000)
  from space 10752K, 84% used [0x000000076f400000,0x000000076fcdd600,0x000000076fe80000)
  to   space 10752K, 0% used [0x000000076fe80000,0x000000076fe80000,0x0000000770900000)
 ParOldGen       total 175104K, used 16K [0x00000006c1c00000, 0x00000006cc700000, 0x000000076b400000)
  object space 175104K, 0% used [0x00000006c1c00000,0x00000006c1c04000,0x00000006cc700000)
 Metaspace       used 20247K, capacity 21026K, committed 21120K, reserved 1067008K
  class space    used 2729K, capacity 2924K, committed 2944K, reserved 1048576K
Event: 2.540 GC heap after
Heap after GC invocations=2 (full 0):
 PSYoungGen      total 76288K, used 10726K [0x000000076b400000, 0x0000000774900000, 0x00000007c0000000)
  eden space 65536K, 0% used [0x000000076b400000,0x000000076b400000,0x000000076f400000)
  from space 10752K, 99% used [0x000000076fe80000,0x00000007708f9bf0,0x0000000770900000)
  to   space 10752K, 0% used [0x000000076f400000,0x000000076f400000,0x000000076fe80000)
 ParOldGen       total 175104K, used 1044K [0x00000006c1c00000, 0x00000006cc700000, 0x000000076b400000)
  object space 175104K, 0% used [0x00000006c1c00000,0x00000006c1d051f8,0x00000006cc700000)
 Metaspace       used 20247K, capacity 21026K, committed 21120K, reserved 1067008K
  class space    used 2729K, capacity 2924K, committed 2944K, reserved 1048576K
}
Event: 2.570 GC heap before
{Heap before GC invocations=3 (full 0):
 PSYoungGen      total 76288K, used 14166K [0x000000076b400000, 0x0000000774900000, 0x00000007c0000000)
  eden space 65536K, 5% used [0x000000076b400000,0x000000076b75bf30,0x000000076f400000)
  from space 10752K, 99% used [0x000000076fe80000,0x00000007708f9bf0,0x0000000770900000)
  to   space 10752K, 0% used [0x000000076f400000,0x000000076f400000,0x000000076fe80000)
 ParOldGen       total 175104K, used 1044K [0x00000006c1c00000, 0x00000006cc700000, 0x000000076b400000)
  object space 175104K, 0% used [0x00000006c1c00000,0x00000006c1d051f8,0x00000006cc700000)
 Metaspace       used 20349K, capacity 21134K, committed 21248K, reserved 1067008K
  class space    used 2746K, capacity 2958K, committed 3072K, reserved 1048576K
Event: 2.575 GC heap after
Heap after GC invocations=3 (full 0):
 PSYoungGen      total 76288K, used 5972K [0x000000076b400000, 0x0000000774900000, 0x00000007c0000000)
  eden space 65536K, 0% used [0x000000076b400000,0x000000076b400000,0x000000076f400000)
  from space 10752K, 55% used [0x000000076f400000,0x000000076f9d5060,0x000000076fe80000)
  to   space 10752K, 0% used [0x0000000773e80000,0x0000000773e80000,0x0000000774900000)
 ParOldGen       total 175104K, used 1052K [0x00000006c1c00000, 0x00000006cc700000, 0x000000076b400000)
  object space 175104K, 0% used [0x00000006c1c00000,0x00000006c1d071f8,0x00000006cc700000)
 Metaspace       used 20349K, capacity 21134K, committed 21248K, reserved 1067008K
  class space    used 2746K, capacity 2958K, committed 3072K, reserved 1048576K
}
Event: 2.575 GC heap before
{Heap before GC invocations=4 (full 1):
 PSYoungGen      total 76288K, used 5972K [0x000000076b400000, 0x0000000774900000, 0x00000007c0000000)
  eden space 65536K, 0% used [0x000000076b400000,0x000000076b400000,0x000000076f400000)
  from space 10752K, 55% used [0x000000076f400000,0x000000076f9d5060,0x000000076fe80000)
  to   space 10752K, 0% used [0x0000000773e80000,0x0000000773e80000,0x0000000774900000)
 ParOldGen       total 175104K, used 1052K [0x00000006c1c00000, 0x00000006cc700000, 0x000000076b400000)
  object space 175104K, 0% used [0x00000006c1c00000,0x00000006c1d071f8,0x00000006cc700000)
 Metaspace       used 20349K, capacity 21134K, committed 21248K, reserved 1067008K
  class space    used 2746K, capacity 2958K, committed 3072K, reserved 1048576K
Event: 2.609 GC heap after
Heap after GC invocations=4 (full 1):
 PSYoungGen      total 76288K, used 0K [0x000000076b400000, 0x0000000774900000, 0x00000007c0000000)
  eden space 65536K, 0% used [0x000000076b400000,0x000000076b400000,0x000000076f400000)
  from space 10752K, 0% used [0x000000076f400000,0x000000076f400000,0x000000076fe80000)
  to   space 10752K, 0% used [0x0000000773e80000,0x0000000773e80000,0x0000000774900000)
 ParOldGen       total 86016K, used 5815K [0x00000006c1c00000, 0x00000006c7000000, 0x000000076b400000)
  object space 86016K, 6% used [0x00000006c1c00000,0x00000006c21adea0,0x00000006c7000000)
 Metaspace       used 20347K, capacity 21128K, committed 21248K, reserved 1067008K
  class space    used 2745K, capacity 2957K, committed 3072K, reserved 1048576K
}
Event: 11.111 GC heap before
{Heap before GC invocations=5 (full 1):
 PSYoungGen      total 76288K, used 65536K [0x000000076b400000, 0x0000000774900000, 0x00000007c0000000)
  eden space 65536K, 100% used [0x000000076b400000,0x000000076f400000,0x000000076f400000)
  from space 10752K, 0% used [0x000000076f400000,0x000000076f400000,0x000000076fe80000)
  to   space 10752K, 0% used [0x0000000773e80000,0x0000000773e80000,0x0000000774900000)
 ParOldGen       total 86016K, used 5815K [0x00000006c1c00000, 0x00000006c7000000, 0x000000076b400000)
  object space 86016K, 6% used [0x00000006c1c00000,0x00000006c21adea0,0x00000006c7000000)
 Metaspace       used 27481K, capacity 29128K, committed 29440K, reserved 1075200K
  class space    used 3734K, capacity 4047K, committed 4096K, reserved 1048576K
Event: 11.138 GC heap after
Heap after GC invocations=5 (full 1):
 PSYoungGen      total 124928K, used 9596K [0x000000076b400000, 0x0000000774800000, 0x00000007c0000000)
  eden space 115200K, 0% used [0x000000076b400000,0x000000076b400000,0x0000000772480000)
  from space 9728K, 98% used [0x0000000773e80000,0x00000007747df348,0x0000000774800000)
  to   space 10752K, 0% used [0x0000000773300000,0x0000000773300000,0x0000000773d80000)
 ParOldGen       total 86016K, used 5823K [0x00000006c1c00000, 0x00000006c7000000, 0x000000076b400000)
  object space 86016K, 6% used [0x00000006c1c00000,0x00000006c21afea0,0x00000006c7000000)
 Metaspace       used 27481K, capacity 29128K, committed 29440K, reserved 1075200K
  class space    used 3734K, capacity 4047K, committed 4096K, reserved 1048576K
}

