# JRE version: Java(TM) SE Runtime Environment (8.0_181-b13) (build 1.8.0_181-b13)
# Java VM: Java HotSpot(TM) 64-Bit Server VM (25.181-b13 mixed mode windows-amd64 compressed oops)
Heap:
 PSYoungGen      total 126464K, used 32069K [0x000000076b400000, 0x0000000774800000, 0x00000007c0000000)
  eden space 116736K, 19% used [0x000000076b400000,0x000000076c9e67f8,0x0000000772600000)
  from space 9728K, 99% used [0x0000000773e80000,0x00000007747eaf30,0x0000000774800000)
  to   space 10752K, 0% used [0x0000000773300000,0x0000000773300000,0x0000000773d80000)
 ParOldGen       total 84480K, used 5739K [0x00000006c1c00000, 0x00000006c6e80000, 0x000000076b400000)
  object space 84480K, 6% used [0x00000006c1c00000,0x00000006c219ad58,0x00000006c6e80000)
 Metaspace       used 30130K, capacity 31856K, committed 32128K, reserved 1077248K
  class space    used 4054K, capacity 4403K, committed 4480K, reserved 1048576K
GC Heap History (10 events):
Event: 1.860 GC heap before
{Heap before GC invocations=1 (full 0):
 PSYoungGen      total 76288K, used 65536K [0x000000076b400000, 0x0000000770900000, 0x00000007c0000000)
  eden space 65536K, 100% used [0x000000076b400000,0x000000076f400000,0x000000076f400000)
  from space 10752K, 0% used [0x000000076fe80000,0x000000076fe80000,0x0000000770900000)
  to   space 10752K, 0% used [0x000000076f400000,0x000000076f400000,0x000000076fe80000)
 ParOldGen       total 175104K, used 0K [0x00000006c1c00000, 0x00000006cc700000, 0x000000076b400000)
  object space 175104K, 0% used [0x00000006c1c00000,0x00000006c1c00000,0x00000006cc700000)
 Metaspace       used 14141K, capacity 14604K, committed 14848K, reserved 1062912K
  class space    used 1896K, capacity 2023K, committed 2048K, reserved 1048576K
Event: 1.869 GC heap after
Heap after GC invocations=1 (full 0):
 PSYoungGen      total 76288K, used 9161K [0x000000076b400000, 0x0000000770900000, 0x00000007c0000000)
  eden space 65536K, 0% used [0x000000076b400000,0x000000076b400000,0x000000076f400000)
  from space 10752K, 85% used [0x000000076f400000,0x000000076fcf27f0,0x000000076fe80000)
  to   space 10752K, 0% used [0x000000076fe80000,0x000000076fe80000,0x0000000770900000)
 ParOldGen       total 175104K, used 16K [0x00000006c1c00000, 0x00000006cc700000, 0x000000076b400000)
  object space 175104K, 0% used [0x00000006c1c00000,0x00000006c1c04000,0x00000006cc700000)
 Metaspace       used 14141K, capacity 14604K, committed 14848K, reserved 1062912K
  class space    used 1896K, capacity 2023K, committed 2048K, reserved 1048576K
}
Event: 2.459 GC heap before
{Heap before GC invocations=2 (full 0):
 PSYoungGen      total 76288K, used 74697K [0x000000076b400000, 0x0000000770900000, 0x00000007c0000000)
  eden space 65536K, 100% used [0x000000076b400000,0x000000076f400000,0x000000076f400000)
  from space 10752K, 85% used [0x000000076f400000,0x000000076fcf27f0,0x000000076fe80000)
  to   space 10752K, 0% used [0x000000076fe80000,0x000000076fe80000,0x0000000770900000)
 ParOldGen       total 175104K, used 16K [0x00000006c1c00000, 0x00000006cc700000, 0x000000076b400000)
  object space 175104K, 0% used [0x00000006c1c00000,0x00000006c1c04000,0x00000006cc700000)
 Metaspace       used 20287K, capacity 21094K, committed 21120K, reserved 1067008K
  class space    used 2734K, capacity 2924K, committed 2944K, reserved 1048576K
Event: 2.476 GC heap after
Heap after GC invocations=2 (full 0):
 PSYoungGen      total 76288K, used 10741K [0x000000076b400000, 0x0000000774900000, 0x00000007c0000000)
  eden space 65536K, 0% used [0x000000076b400000,0x000000076b400000,0x000000076f400000)
  from space 10752K, 99% used [0x000000076fe80000,0x00000007708fd6b8,0x0000000770900000)
  to   space 10752K, 0% used [0x000000076f400000,0x000000076f400000,0x000000076fe80000)
 ParOldGen       total 175104K, used 1092K [0x00000006c1c00000, 0x00000006cc700000, 0x000000076b400000)
  object space 175104K, 0% used [0x00000006c1c00000,0x00000006c1d11268,0x00000006cc700000)
 Metaspace       used 20287K, capacity 21094K, committed 21120K, reserved 1067008K
  class space    used 2734K, capacity 2924K, committed 2944K, reserved 1048576K
}
Event: 2.496 GC heap before
{Heap before GC invocations=3 (full 0):
 PSYoungGen      total 76288K, used 12734K [0x000000076b400000, 0x0000000774900000, 0x00000007c0000000)
  eden space 65536K, 3% used [0x000000076b400000,0x000000076b5f2280,0x000000076f400000)
  from space 10752K, 99% used [0x000000076fe80000,0x00000007708fd6b8,0x0000000770900000)
  to   space 10752K, 0% used [0x000000076f400000,0x000000076f400000,0x000000076fe80000)
 ParOldGen       total 175104K, used 1092K [0x00000006c1c00000, 0x00000006cc700000, 0x000000076b400000)
  object space 175104K, 0% used [0x00000006c1c00000,0x00000006c1d11268,0x00000006cc700000)
 Metaspace       used 20356K, capacity 21138K, committed 21296K, reserved 1067008K
  class space    used 2744K, capacity 2958K, committed 3072K, reserved 1048576K
Event: 2.504 GC heap after
Heap after GC invocations=3 (full 0):
 PSYoungGen      total 76288K, used 5872K [0x000000076b400000, 0x0000000774900000, 0x00000007c0000000)
  eden space 65536K, 0% used [0x000000076b400000,0x000000076b400000,0x000000076f400000)
  from space 10752K, 54% used [0x000000076f400000,0x000000076f9bc010,0x000000076fe80000)
  to   space 10752K, 0% used [0x0000000773e80000,0x0000000773e80000,0x0000000774900000)
 ParOldGen       total 175104K, used 1100K [0x00000006c1c00000, 0x00000006cc700000, 0x000000076b400000)
  object space 175104K, 0% used [0x00000006c1c00000,0x00000006c1d13268,0x00000006cc700000)
 Metaspace       used 20356K, capacity 21138K, committed 21296K, reserved 1067008K
  class space    used 2744K, capacity 2958K, committed 3072K, reserved 1048576K
}
Event: 2.504 GC heap before
{Heap before GC invocations=4 (full 1):
 PSYoungGen      total 76288K, used 5872K [0x000000076b400000, 0x0000000774900000, 0x00000007c0000000)
  eden space 65536K, 0% used [0x000000076b400000,0x000000076b400000,0x000000076f400000)
  from space 10752K, 54% used [0x000000076f400000,0x000000076f9bc010,0x000000076fe80000)
  to   space 10752K, 0% used [0x0000000773e80000,0x0000000773e80000,0x0000000774900000)
 ParOldGen       total 175104K, used 1100K [0x00000006c1c00000, 0x00000006cc700000, 0x000000076b400000)
  object space 175104K, 0% used [0x00000006c1c00000,0x00000006c1d13268,0x00000006cc700000)
 Metaspace       used 20356K, capacity 21138K, committed 21296K, reserved 1067008K
  class space    used 2744K, capacity 2958K, committed 3072K, reserved 1048576K
Event: 2.555 GC heap after
Heap after GC invocations=4 (full 1):
 PSYoungGen      total 76288K, used 0K [0x000000076b400000, 0x0000000774900000, 0x00000007c0000000)
  eden space 65536K, 0% used [0x000000076b400000,0x000000076b400000,0x000000076f400000)
  from space 10752K, 0% used [0x000000076f400000,0x000000076f400000,0x000000076fe80000)
  to   space 10752K, 0% used [0x0000000773e80000,0x0000000773e80000,0x0000000774900000)
 ParOldGen       total 84480K, used 5731K [0x00000006c1c00000, 0x00000006c6e80000, 0x000000076b400000)
  object space 84480K, 6% used [0x00000006c1c00000,0x00000006c2198d58,0x00000006c6e80000)
 Metaspace       used 20354K, capacity 21132K, committed 21296K, reserved 1067008K
  class space    used 2744K, capacity 2957K, committed 3072K, reserved 1048576K
}
Event: 12.377 GC heap before
{Heap before GC invocations=5 (full 1):
 PSYoungGen      total 76288K, used 65536K [0x000000076b400000, 0x0000000774900000, 0x00000007c0000000)
  eden space 65536K, 100% used [0x000000076b400000,0x000000076f400000,0x000000076f400000)
  from space 10752K, 0% used [0x000000076f400000,0x000000076f400000,0x000000076fe80000)
  to   space 10752K, 0% used [0x0000000773e80000,0x0000000773e80000,0x0000000774900000)
 ParOldGen       total 84480K, used 5731K [0x00000006c1c00000, 0x00000006c6e80000, 0x000000076b400000)
  object space 84480K, 6% used [0x00000006c1c00000,0x00000006c2198d58,0x00000006c6e80000)
 Metaspace       used 27411K, capacity 29068K, committed 29184K, reserved 1075200K
  class space    used 3726K, capacity 4047K, committed 4096K, reserved 1048576K
Event: 12.391 GC heap after
Heap after GC invocations=5 (full 1):
 PSYoungGen      total 126464K, used 9643K [0x000000076b400000, 0x0000000774800000, 0x00000007c0000000)
  eden space 116736K, 0% used [0x000000076b400000,0x000000076b400000,0x0000000772600000)
  from space 9728K, 99% used [0x0000000773e80000,0x00000007747eaf30,0x0000000774800000)
  to   space 10752K, 0% used [0x0000000773300000,0x0000000773300000,0x0000000773d80000)
 ParOldGen       total 84480K, used 5739K [0x00000006c1c00000, 0x00000006c6e80000, 0x000000076b400000)
  object space 84480K, 6% used [0x00000006c1c00000,0x00000006c219ad58,0x00000006c6e80000)
 Metaspace       used 27411K, capacity 29068K, committed 29184K, reserved 1075200K
  class space    used 3726K, capacity 4047K, committed 4096K, reserved 1048576K
}

