# JRE version: Java(TM) SE Runtime Environment (8.0_181-b13) (build 1.8.0_181-b13)
# Java VM: Java HotSpot(TM) 64-Bit Server VM (25.181-b13 mixed mode windows-amd64 compressed oops)
Heap:
 PSYoungGen      total 127488K, used 30021K [0x000000076b400000, 0x0000000774800000, 0x00000007c0000000)
  eden space 117760K, 17% used [0x000000076b400000,0x000000076c8099b0,0x0000000772700000)
  from space 9728K, 97% used [0x0000000773e80000,0x00000007747c7a70,0x0000000774800000)
  to   space 10752K, 0% used [0x0000000773300000,0x0000000773300000,0x0000000773d80000)
 ParOldGen       total 83456K, used 5630K [0x00000006c1c00000, 0x00000006c6d80000, 0x000000076b400000)
  object space 83456K, 6% used [0x00000006c1c00000,0x00000006c217f928,0x00000006c6d80000)
 Metaspace       used 30017K, capacity 31708K, committed 32128K, reserved 1077248K
  class space    used 4038K, capacity 4359K, committed 4480K, reserved 1048576K
GC Heap History (10 events):
Event: 1.547 GC heap before
{Heap before GC invocations=1 (full 0):
 PSYoungGen      total 76288K, used 65536K [0x000000076b400000, 0x0000000770900000, 0x00000007c0000000)
  eden space 65536K, 100% used [0x000000076b400000,0x000000076f400000,0x000000076f400000)
  from space 10752K, 0% used [0x000000076fe80000,0x000000076fe80000,0x0000000770900000)
  to   space 10752K, 0% used [0x000000076f400000,0x000000076f400000,0x000000076fe80000)
 ParOldGen       total 175104K, used 0K [0x00000006c1c00000, 0x00000006cc700000, 0x000000076b400000)
  object space 175104K, 0% used [0x00000006c1c00000,0x00000006c1c00338,0x00000006cc700000)
 Metaspace       used 14098K, capacity 14540K, committed 14848K, reserved 1062912K
  class space    used 1893K, capacity 2023K, committed 2048K, reserved 1048576K
Event: 1.556 GC heap after
Heap after GC invocations=1 (full 0):
 PSYoungGen      total 76288K, used 9131K [0x000000076b400000, 0x0000000770900000, 0x00000007c0000000)
  eden space 65536K, 0% used [0x000000076b400000,0x000000076b400000,0x000000076f400000)
  from space 10752K, 84% used [0x000000076f400000,0x000000076fceae10,0x000000076fe80000)
  to   space 10752K, 0% used [0x000000076fe80000,0x000000076fe80000,0x0000000770900000)
 ParOldGen       total 175104K, used 16K [0x00000006c1c00000, 0x00000006cc700000, 0x000000076b400000)
  object space 175104K, 0% used [0x00000006c1c00000,0x00000006c1c04338,0x00000006cc700000)
 Metaspace       used 14098K, capacity 14540K, committed 14848K, reserved 1062912K
  class space    used 1893K, capacity 2023K, committed 2048K, reserved 1048576K
}
Event: 2.267 GC heap before
{Heap before GC invocations=2 (full 0):
 PSYoungGen      total 76288K, used 74667K [0x000000076b400000, 0x0000000770900000, 0x00000007c0000000)
  eden space 65536K, 100% used [0x000000076b400000,0x000000076f400000,0x000000076f400000)
  from space 10752K, 84% used [0x000000076f400000,0x000000076fceae10,0x000000076fe80000)
  to   space 10752K, 0% used [0x000000076fe80000,0x000000076fe80000,0x0000000770900000)
 ParOldGen       total 175104K, used 33K [0x00000006c1c00000, 0x00000006cc700000, 0x000000076b400000)
  object space 175104K, 0% used [0x00000006c1c00000,0x00000006c1c087e0,0x00000006cc700000)
 Metaspace       used 20251K, capacity 21034K, committed 21120K, reserved 1067008K
  class space    used 2731K, capacity 2924K, committed 2944K, reserved 1048576K
Event: 2.284 GC heap after
Heap after GC invocations=2 (full 0):
 PSYoungGen      total 76288K, used 10733K [0x000000076b400000, 0x0000000774900000, 0x00000007c0000000)
  eden space 65536K, 0% used [0x000000076b400000,0x000000076b400000,0x000000076f400000)
  from space 10752K, 99% used [0x000000076fe80000,0x00000007708fb7a0,0x0000000770900000)
  to   space 10752K, 0% used [0x000000076f400000,0x000000076f400000,0x000000076fe80000)
 ParOldGen       total 175104K, used 1114K [0x00000006c1c00000, 0x00000006cc700000, 0x000000076b400000)
  object space 175104K, 0% used [0x00000006c1c00000,0x00000006c1d16ae0,0x00000006cc700000)
 Metaspace       used 20251K, capacity 21034K, committed 21120K, reserved 1067008K
  class space    used 2731K, capacity 2924K, committed 2944K, reserved 1048576K
}
Event: 2.300 GC heap before
{Heap before GC invocations=3 (full 0):
 PSYoungGen      total 76288K, used 11737K [0x000000076b400000, 0x0000000774900000, 0x00000007c0000000)
  eden space 65536K, 1% used [0x000000076b400000,0x000000076b4fac70,0x000000076f400000)
  from space 10752K, 99% used [0x000000076fe80000,0x00000007708fb7a0,0x0000000770900000)
  to   space 10752K, 0% used [0x000000076f400000,0x000000076f400000,0x000000076fe80000)
 ParOldGen       total 175104K, used 1114K [0x00000006c1c00000, 0x00000006cc700000, 0x000000076b400000)
  object space 175104K, 0% used [0x00000006c1c00000,0x00000006c1d16ae0,0x00000006cc700000)
 Metaspace       used 20289K, capacity 21104K, committed 21296K, reserved 1067008K
  class space    used 2738K, capacity 2925K, committed 2944K, reserved 1048576K
Event: 2.308 GC heap after
Heap after GC invocations=3 (full 0):
 PSYoungGen      total 76288K, used 5776K [0x000000076b400000, 0x0000000774900000, 0x00000007c0000000)
  eden space 65536K, 0% used [0x000000076b400000,0x000000076b400000,0x000000076f400000)
  from space 10752K, 53% used [0x000000076f400000,0x000000076f9a4030,0x000000076fe80000)
  to   space 10752K, 0% used [0x0000000773e80000,0x0000000773e80000,0x0000000774900000)
 ParOldGen       total 175104K, used 1122K [0x00000006c1c00000, 0x00000006cc700000, 0x000000076b400000)
  object space 175104K, 0% used [0x00000006c1c00000,0x00000006c1d18ae0,0x00000006cc700000)
 Metaspace       used 20289K, capacity 21104K, committed 21296K, reserved 1067008K
  class space    used 2738K, capacity 2925K, committed 2944K, reserved 1048576K
}
Event: 2.308 GC heap before
{Heap before GC invocations=4 (full 1):
 PSYoungGen      total 76288K, used 5776K [0x000000076b400000, 0x0000000774900000, 0x00000007c0000000)
  eden space 65536K, 0% used [0x000000076b400000,0x000000076b400000,0x000000076f400000)
  from space 10752K, 53% used [0x000000076f400000,0x000000076f9a4030,0x000000076fe80000)
  to   space 10752K, 0% used [0x0000000773e80000,0x0000000773e80000,0x0000000774900000)
 ParOldGen       total 175104K, used 1122K [0x00000006c1c00000, 0x00000006cc700000, 0x000000076b400000)
  object space 175104K, 0% used [0x00000006c1c00000,0x00000006c1d18ae0,0x00000006cc700000)
 Metaspace       used 20289K, capacity 21104K, committed 21296K, reserved 1067008K
  class space    used 2738K, capacity 2925K, committed 2944K, reserved 1048576K
Event: 2.358 GC heap after
Heap after GC invocations=4 (full 1):
 PSYoungGen      total 76288K, used 0K [0x000000076b400000, 0x0000000774900000, 0x00000007c0000000)
  eden space 65536K, 0% used [0x000000076b400000,0x000000076b400000,0x000000076f400000)
  from space 10752K, 0% used [0x000000076f400000,0x000000076f400000,0x000000076fe80000)
  to   space 10752K, 0% used [0x0000000773e80000,0x0000000773e80000,0x0000000774900000)
 ParOldGen       total 83456K, used 5622K [0x00000006c1c00000, 0x00000006c6d80000, 0x000000076b400000)
  object space 83456K, 6% used [0x00000006c1c00000,0x00000006c217d928,0x00000006c6d80000)
 Metaspace       used 20287K, capacity 21098K, committed 21296K, reserved 1067008K
  class space    used 2738K, capacity 2924K, committed 2944K, reserved 1048576K
}
Event: 15.957 GC heap before
{Heap before GC invocations=5 (full 1):
 PSYoungGen      total 76288K, used 65536K [0x000000076b400000, 0x0000000774900000, 0x00000007c0000000)
  eden space 65536K, 100% used [0x000000076b400000,0x000000076f400000,0x000000076f400000)
  from space 10752K, 0% used [0x000000076f400000,0x000000076f400000,0x000000076fe80000)
  to   space 10752K, 0% used [0x0000000773e80000,0x0000000773e80000,0x0000000774900000)
 ParOldGen       total 83456K, used 5622K [0x00000006c1c00000, 0x00000006c6d80000, 0x000000076b400000)
  object space 83456K, 6% used [0x00000006c1c00000,0x00000006c217d928,0x00000006c6d80000)
 Metaspace       used 27296K, capacity 28948K, committed 29184K, reserved 1075200K
  class space    used 3720K, capacity 4047K, committed 4096K, reserved 1048576K
Event: 15.968 GC heap after
Heap after GC invocations=5 (full 1):
 PSYoungGen      total 127488K, used 9502K [0x000000076b400000, 0x0000000774800000, 0x00000007c0000000)
  eden space 117760K, 0% used [0x000000076b400000,0x000000076b400000,0x0000000772700000)
  from space 9728K, 97% used [0x0000000773e80000,0x00000007747c7a70,0x0000000774800000)
  to   space 10752K, 0% used [0x0000000773300000,0x0000000773300000,0x0000000773d80000)
 ParOldGen       total 83456K, used 5630K [0x00000006c1c00000, 0x00000006c6d80000, 0x000000076b400000)
  object space 83456K, 6% used [0x00000006c1c00000,0x00000006c217f928,0x00000006c6d80000)
 Metaspace       used 27296K, capacity 28948K, committed 29184K, reserved 1075200K
  class space    used 3720K, capacity 4047K, committed 4096K, reserved 1048576K
}

