# JRE version: Java(TM) SE Runtime Environment (8.0_181-b13) (build 1.8.0_181-b13)
# Java VM: Java HotSpot(TM) 64-Bit Server VM (25.181-b13 mixed mode windows-amd64 compressed oops)
Heap:
 PSYoungGen      total 120320K, used 30685K [0x000000076b400000, 0x0000000774800000, 0x00000007c0000000)
  eden space 110592K, 19% used [0x000000076b400000,0x000000076c8a53e0,0x0000000772000000)
  from space 9728K, 98% used [0x0000000773e80000,0x00000007747d22f0,0x0000000774800000)
  to   space 10752K, 0% used [0x0000000773300000,0x0000000773300000,0x0000000773d80000)
 ParOldGen       total 90112K, used 5818K [0x00000006c1c00000, 0x00000006c7400000, 0x000000076b400000)
  object space 90112K, 6% used [0x00000006c1c00000,0x00000006c21ae800,0x00000006c7400000)
 Metaspace       used 30021K, capacity 31718K, committed 31872K, reserved 1077248K
  class space    used 4038K, capacity 4362K, committed 4480K, reserved 1048576K
GC Heap History (10 events):
Event: 1.719 GC heap before
{Heap before GC invocations=1 (full 0):
 PSYoungGen      total 76288K, used 65536K [0x000000076b400000, 0x0000000770900000, 0x00000007c0000000)
  eden space 65536K, 100% used [0x000000076b400000,0x000000076f400000,0x000000076f400000)
  from space 10752K, 0% used [0x000000076fe80000,0x000000076fe80000,0x0000000770900000)
  to   space 10752K, 0% used [0x000000076f400000,0x000000076f400000,0x000000076fe80000)
 ParOldGen       total 175104K, used 0K [0x00000006c1c00000, 0x00000006cc700000, 0x000000076b400000)
  object space 175104K, 0% used [0x00000006c1c00000,0x00000006c1c00000,0x00000006cc700000)
 Metaspace       used 14073K, capacity 14534K, committed 14592K, reserved 1062912K
  class space    used 1890K, capacity 2022K, committed 2048K, reserved 1048576K
Event: 1.729 GC heap after
Heap after GC invocations=1 (full 0):
 PSYoungGen      total 76288K, used 9081K [0x000000076b400000, 0x0000000770900000, 0x00000007c0000000)
  eden space 65536K, 0% used [0x000000076b400000,0x000000076b400000,0x000000076f400000)
  from space 10752K, 84% used [0x000000076f400000,0x000000076fcde750,0x000000076fe80000)
  to   space 10752K, 0% used [0x000000076fe80000,0x000000076fe80000,0x0000000770900000)
 ParOldGen       total 175104K, used 16K [0x00000006c1c00000, 0x00000006cc700000, 0x000000076b400000)
  object space 175104K, 0% used [0x00000006c1c00000,0x00000006c1c04000,0x00000006cc700000)
 Metaspace       used 14073K, capacity 14534K, committed 14592K, reserved 1062912K
  class space    used 1890K, capacity 2022K, committed 2048K, reserved 1048576K
}
Event: 2.371 GC heap before
{Heap before GC invocations=2 (full 0):
 PSYoungGen      total 76288K, used 74617K [0x000000076b400000, 0x0000000770900000, 0x00000007c0000000)
  eden space 65536K, 100% used [0x000000076b400000,0x000000076f400000,0x000000076f400000)
  from space 10752K, 84% used [0x000000076f400000,0x000000076fcde750,0x000000076fe80000)
  to   space 10752K, 0% used [0x000000076fe80000,0x000000076fe80000,0x0000000770900000)
 ParOldGen       total 175104K, used 16K [0x00000006c1c00000, 0x00000006cc700000, 0x000000076b400000)
  object space 175104K, 0% used [0x00000006c1c00000,0x00000006c1c04000,0x00000006cc700000)
 Metaspace       used 20229K, capacity 21026K, committed 21120K, reserved 1067008K
  class space    used 2726K, capacity 2924K, committed 2944K, reserved 1048576K
Event: 2.389 GC heap after
Heap after GC invocations=2 (full 0):
 PSYoungGen      total 76288K, used 10738K [0x000000076b400000, 0x0000000774900000, 0x00000007c0000000)
  eden space 65536K, 0% used [0x000000076b400000,0x000000076b400000,0x000000076f400000)
  from space 10752K, 99% used [0x000000076fe80000,0x00000007708fca78,0x0000000770900000)
  to   space 10752K, 0% used [0x000000076f400000,0x000000076f400000,0x000000076fe80000)
 ParOldGen       total 175104K, used 1100K [0x00000006c1c00000, 0x00000006cc700000, 0x000000076b400000)
  object space 175104K, 0% used [0x00000006c1c00000,0x00000006c1d133c8,0x00000006cc700000)
 Metaspace       used 20229K, capacity 21026K, committed 21120K, reserved 1067008K
  class space    used 2726K, capacity 2924K, committed 2944K, reserved 1048576K
}
Event: 2.433 GC heap before
{Heap before GC invocations=3 (full 0):
 PSYoungGen      total 76288K, used 13162K [0x000000076b400000, 0x0000000774900000, 0x00000007c0000000)
  eden space 65536K, 3% used [0x000000076b400000,0x000000076b65ddc8,0x000000076f400000)
  from space 10752K, 99% used [0x000000076fe80000,0x00000007708fca78,0x0000000770900000)
  to   space 10752K, 0% used [0x000000076f400000,0x000000076f400000,0x000000076fe80000)
 ParOldGen       total 175104K, used 1100K [0x00000006c1c00000, 0x00000006cc700000, 0x000000076b400000)
  object space 175104K, 0% used [0x00000006c1c00000,0x00000006c1d133c8,0x00000006cc700000)
 Metaspace       used 20326K, capacity 21134K, committed 21248K, reserved 1067008K
  class space    used 2742K, capacity 2958K, committed 3072K, reserved 1048576K
Event: 2.441 GC heap after
Heap after GC invocations=3 (full 0):
 PSYoungGen      total 76288K, used 5944K [0x000000076b400000, 0x0000000774900000, 0x00000007c0000000)
  eden space 65536K, 0% used [0x000000076b400000,0x000000076b400000,0x000000076f400000)
  from space 10752K, 55% used [0x000000076f400000,0x000000076f9ce3b0,0x000000076fe80000)
  to   space 10752K, 0% used [0x0000000773e80000,0x0000000773e80000,0x0000000774900000)
 ParOldGen       total 175104K, used 1108K [0x00000006c1c00000, 0x00000006cc700000, 0x000000076b400000)
  object space 175104K, 0% used [0x00000006c1c00000,0x00000006c1d153c8,0x00000006cc700000)
 Metaspace       used 20326K, capacity 21134K, committed 21248K, reserved 1067008K
  class space    used 2742K, capacity 2958K, committed 3072K, reserved 1048576K
}
Event: 2.441 GC heap before
{Heap before GC invocations=4 (full 1):
 PSYoungGen      total 76288K, used 5944K [0x000000076b400000, 0x0000000774900000, 0x00000007c0000000)
  eden space 65536K, 0% used [0x000000076b400000,0x000000076b400000,0x000000076f400000)
  from space 10752K, 55% used [0x000000076f400000,0x000000076f9ce3b0,0x000000076fe80000)
  to   space 10752K, 0% used [0x0000000773e80000,0x0000000773e80000,0x0000000774900000)
 ParOldGen       total 175104K, used 1108K [0x00000006c1c00000, 0x00000006cc700000, 0x000000076b400000)
  object space 175104K, 0% used [0x00000006c1c00000,0x00000006c1d153c8,0x00000006cc700000)
 Metaspace       used 20326K, capacity 21134K, committed 21248K, reserved 1067008K
  class space    used 2742K, capacity 2958K, committed 3072K, reserved 1048576K
Event: 2.494 GC heap after
Heap after GC invocations=4 (full 1):
 PSYoungGen      total 76288K, used 0K [0x000000076b400000, 0x0000000774900000, 0x00000007c0000000)
  eden space 65536K, 0% used [0x000000076b400000,0x000000076b400000,0x000000076f400000)
  from space 10752K, 0% used [0x000000076f400000,0x000000076f400000,0x000000076fe80000)
  to   space 10752K, 0% used [0x0000000773e80000,0x0000000773e80000,0x0000000774900000)
 ParOldGen       total 90112K, used 5810K [0x00000006c1c00000, 0x00000006c7400000, 0x000000076b400000)
  object space 90112K, 6% used [0x00000006c1c00000,0x00000006c21ac800,0x00000006c7400000)
 Metaspace       used 20324K, capacity 21128K, committed 21248K, reserved 1067008K
  class space    used 2741K, capacity 2957K, committed 3072K, reserved 1048576K
}
Event: 9.286 GC heap before
{Heap before GC invocations=5 (full 1):
 PSYoungGen      total 76288K, used 65536K [0x000000076b400000, 0x0000000774900000, 0x00000007c0000000)
  eden space 65536K, 100% used [0x000000076b400000,0x000000076f400000,0x000000076f400000)
  from space 10752K, 0% used [0x000000076f400000,0x000000076f400000,0x000000076fe80000)
  to   space 10752K, 0% used [0x0000000773e80000,0x0000000773e80000,0x0000000774900000)
 ParOldGen       total 90112K, used 5810K [0x00000006c1c00000, 0x00000006c7400000, 0x000000076b400000)
  object space 90112K, 6% used [0x00000006c1c00000,0x00000006c21ac800,0x00000006c7400000)
 Metaspace       used 27310K, capacity 29004K, committed 29184K, reserved 1075200K
  class space    used 3718K, capacity 4047K, committed 4096K, reserved 1048576K
Event: 9.303 GC heap after
Heap after GC invocations=5 (full 1):
 PSYoungGen      total 120320K, used 9544K [0x000000076b400000, 0x0000000774800000, 0x00000007c0000000)
  eden space 110592K, 0% used [0x000000076b400000,0x000000076b400000,0x0000000772000000)
  from space 9728K, 98% used [0x0000000773e80000,0x00000007747d22f0,0x0000000774800000)
  to   space 10752K, 0% used [0x0000000773300000,0x0000000773300000,0x0000000773d80000)
 ParOldGen       total 90112K, used 5818K [0x00000006c1c00000, 0x00000006c7400000, 0x000000076b400000)
  object space 90112K, 6% used [0x00000006c1c00000,0x00000006c21ae800,0x00000006c7400000)
 Metaspace       used 27310K, capacity 29004K, committed 29184K, reserved 1075200K
  class space    used 3718K, capacity 4047K, committed 4096K, reserved 1048576K
}

